mode: set
profile-api/main.go:32.13,34.40 1 0
profile-api/main.go:34.40,36.3 1 0
profile-api/main.go:39.2,40.16 2 0
profile-api/main.go:40.16,42.3 1 0
profile-api/main.go:43.2,53.16 4 0
profile-api/main.go:53.16,55.3 1 0
profile-api/main.go:58.2,67.16 7 0
profile-api/main.go:67.16,69.3 1 0
profile-api/main.go:71.2,72.49 2 0
profile-api/main.go:72.49,74.3 1 0
profile-api/main.go:110.86,111.38 1 0
profile-api/main.go:111.38,113.3 1 0
profile-api/main.go:115.2,123.46 2 0
profile-api/main.go:123.46,125.3 1 0
profile-api/main.go:127.2,127.23 1 0
profile-api/main.go:130.49,132.16 2 0
profile-api/main.go:132.16,134.3 1 0
profile-api/main.go:135.2,137.38 2 0
profile-api/main.go:137.38,139.3 1 0
profile-api/main.go:141.2,142.65 2 0
profile-api/main.go:142.65,144.3 1 0
profile-api/main.go:146.2,149.32 3 0
profile-api/main.go:149.32,150.23 1 0
profile-api/main.go:150.23,151.12 1 0
profile-api/main.go:154.3,155.17 2 0
profile-api/main.go:155.17,156.12 1 0
profile-api/main.go:159.3,160.17 2 0
profile-api/main.go:160.17,161.12 1 0
profile-api/main.go:164.3,169.29 2 0
profile-api/main.go:172.2,173.12 2 0
profile-api/main.go:176.80,182.30 5 0
profile-api/main.go:182.30,183.39 1 0
profile-api/main.go:183.39,185.4 1 0
profile-api/main.go:187.3,191.14 4 0
profile-api/main.go:191.14,193.4 1 0
profile-api/main.go:196.2,196.17 1 0
profile-api/main.go:199.89,205.111 3 0
profile-api/main.go:205.111,207.57 1 0
profile-api/main.go:207.57,209.4 1 0
profile-api/main.go:212.3,213.10 2 0
profile-api/main.go:213.10,215.4 1 0
profile-api/main.go:218.3,218.29 1 0
profile-api/main.go:221.2,221.16 1 0
profile-api/main.go:221.16,223.3 1 0
profile-api/main.go:225.2,226.25 2 0
profile-api/main.go:226.25,228.3 1 0
profile-api/main.go:231.2,232.37 2 0
profile-api/main.go:232.37,234.3 1 0
profile-api/main.go:237.2,237.60 1 0
profile-api/main.go:237.60,239.3 1 0
profile-api/main.go:242.2,243.61 2 0
profile-api/main.go:243.61,245.3 1 0
profile-api/main.go:247.2,247.60 1 0
profile-api/main.go:247.60,249.3 1 0
profile-api/main.go:251.2,251.20 1 0
profile-api/main.go:267.32,279.16 3 0
profile-api/main.go:279.16,281.3 1 0
profile-api/main.go:283.2,283.34 1 0
profile-api/main.go:283.34,285.3 1 0
profile-api/main.go:288.2,301.51 2 0
profile-api/main.go:301.51,303.3 1 0
profile-api/main.go:305.2,305.16 1 0
profile-api/main.go:308.61,317.16 3 0
profile-api/main.go:317.16,319.3 1 0
profile-api/main.go:321.2,321.18 1 0
profile-api/main.go:324.65,331.2 2 0
profile-api/main.go:333.62,340.2 2 0
profile-api/main.go:351.25,355.16 2 0
profile-api/main.go:355.16,357.3 1 0
profile-api/main.go:359.2,362.3 1 0
profile-api/main.go:366.132,368.47 1 0
profile-api/main.go:368.47,370.3 1 0
profile-api/main.go:373.2,381.32 2 0
profile-api/main.go:381.32,383.3 1 0
profile-api/main.go:386.2,387.15 2 0
profile-api/main.go:387.15,389.22 1 0
profile-api/main.go:390.34,391.16 1 0
profile-api/main.go:392.20,393.16 1 0
profile-api/main.go:394.20,395.16 1 0
profile-api/main.go:396.21,397.17 1 0
profile-api/main.go:402.2,422.16 5 0
profile-api/main.go:422.16,424.3 1 0
profile-api/main.go:427.2,441.8 4 0
profile-api/main.go:445.82,446.20 1 0
profile-api/main.go:446.20,448.3 1 0
profile-api/main.go:450.2,451.50 2 0
profile-api/main.go:451.50,453.3 1 0
profile-api/main.go:455.2,461.16 3 0
profile-api/main.go:461.16,463.3 1 0
profile-api/main.go:465.2,465.12 1 0
profile-api/main.go:507.82,517.2 3 0
profile-api/main.go:519.70,522.2 2 0
profile-api/main.go:524.32,543.2 8 0
profile-api/main.go:545.65,546.71 1 0
profile-api/main.go:546.71,552.28 5 0
profile-api/main.go:552.28,555.4 2 0
profile-api/main.go:557.3,557.23 1 0
profile-api/main.go:561.65,562.71 1 0
profile-api/main.go:562.71,564.23 2 0
profile-api/main.go:564.23,567.4 2 0
profile-api/main.go:569.3,570.17 2 0
profile-api/main.go:570.17,573.4 2 0
profile-api/main.go:576.3,577.40 2 0
profile-api/main.go:581.69,585.16 4 0
profile-api/main.go:585.16,588.3 2 0
profile-api/main.go:590.2,590.36 1 0
profile-api/main.go:593.72,598.61 4 0
profile-api/main.go:598.61,601.3 2 0
profile-api/main.go:604.2,604.25 1 0
profile-api/main.go:604.25,607.3 2 0
profile-api/main.go:609.2,609.25 1 0
profile-api/main.go:609.25,612.3 2 0
profile-api/main.go:614.2,614.79 1 0
profile-api/main.go:614.79,617.3 2 0
profile-api/main.go:619.2,620.36 2 0
profile-api/main.go:623.80,627.2 3 0
profile-api/main.go:629.79,631.2 1 0
profile-api/main.go:633.43,635.2 1 0
profile-api/main.go:638.74,644.61 4 0
profile-api/main.go:644.61,648.3 3 0
profile-api/main.go:651.2,651.24 1 0
profile-api/main.go:651.24,654.3 2 0
profile-api/main.go:656.2,656.27 1 0
profile-api/main.go:656.27,659.3 2 0
profile-api/main.go:662.2,663.16 2 0
profile-api/main.go:663.16,667.3 3 0
profile-api/main.go:669.2,670.40 2 0
profile-api/main.go:674.77,679.61 4 0
profile-api/main.go:679.61,683.3 3 0
profile-api/main.go:685.2,685.24 1 0
profile-api/main.go:685.24,688.3 2 0
profile-api/main.go:690.2,696.54 2 0
profile-api/main.go:696.54,700.3 3 0
profile-api/main.go:702.2,703.16 2 0
profile-api/main.go:703.16,707.3 3 0
profile-api/main.go:708.2,710.72 2 0
profile-api/main.go:710.72,714.3 3 0
profile-api/main.go:716.2,716.64 1 0
profile-api/main.go:716.64,717.34 1 0
profile-api/main.go:717.34,720.62 3 0
profile-api/main.go:720.62,723.5 2 0
profile-api/main.go:724.4,724.63 1 0
profile-api/main.go:728.2,731.16 3 0
profile-api/main.go:731.16,734.3 2 0
profile-api/main.go:735.2,735.36 1 0
